  Obsluga_plikow.c
d:\git\statki\statki\obsluga_plikow.c(42): warning C4020: 'remove': too many actual parameters
  Source.c
d:\git\statki\statki\source.c(9): warning C4047: 'initializing': 'char' differs in levels of indirection from 'char [2]'
d:\git\statki\statki\source.c(22): warning C4477: 'scanf_s' : format string '%c' requires an argument of type 'unsigned int', but variadic argument 2 has type 'size_t'
  d:\git\statki\statki\source.c(22): note: this argument is used as a buffer size
  Statki.c
d:\git\statki\statki\statki.c(47): warning C4013: 'wyswietl_plansze' undefined; assuming extern returning int
d:\git\statki\statki\statki.c(70): warning C4013: 'tolower' undefined; assuming extern returning int
  Ukladanie_statkow.c
d:\git\statki\statki\ukladanie_statkow.c(23): warning C4013: 'wyswietl_t_plansze' undefined; assuming extern returning int
d:\git\statki\statki\ukladanie_statkow.c(24): warning C4047: '=': 'char' differs in levels of indirection from 'void *'
d:\git\statki\statki\ukladanie_statkow.c(33): warning C4047: '=': 'char' differs in levels of indirection from 'void *'
d:\git\statki\statki\ukladanie_statkow.c(47): warning C4013: 'tolower' undefined; assuming extern returning int
d:\git\statki\statki\ukladanie_statkow.c(51): warning C4047: '=': 'int' differs in levels of indirection from 'void *'
d:\git\statki\statki\ukladanie_statkow.c(87): warning C4047: '=': 'int' differs in levels of indirection from 'void *'
d:\git\statki\statki\ukladanie_statkow.c(16): warning C4047: 'initializing': 'char' differs in levels of indirection from 'char [2]'
d:\git\statki\statki\ukladanie_statkow.c(26): warning C4477: 'scanf_s' : format string '%c' requires an argument of type 'unsigned int', but variadic argument 2 has type 'size_t'
  d:\git\statki\statki\ukladanie_statkow.c(26): note: this argument is used as a buffer size
d:\git\statki\statki\ukladanie_statkow.c(42): warning C4474: 'scanf_s' : too many arguments passed for format string
  d:\git\statki\statki\ukladanie_statkow.c(42): note: placeholders and their parameters expect 1 variadic arguments, but 2 were provided
d:\git\statki\statki\ukladanie_statkow.c(78): warning C4474: 'scanf_s' : too many arguments passed for format string
  d:\git\statki\statki\ukladanie_statkow.c(78): note: placeholders and their parameters expect 1 variadic arguments, but 2 were provided
d:\git\statki\statki\ukladanie_statkow.c(123): warning C4047: '=': 'char' differs in levels of indirection from 'void *'
d:\git\statki\statki\ukladanie_statkow.c(132): warning C4047: '=': 'char' differs in levels of indirection from 'void *'
d:\git\statki\statki\ukladanie_statkow.c(167): warning C4047: '=': 'int' differs in levels of indirection from 'void *'
d:\git\statki\statki\ukladanie_statkow.c(221): warning C4047: '=': 'int' differs in levels of indirection from 'void *'
d:\git\statki\statki\ukladanie_statkow.c(113): warning C4047: 'initializing': 'char' differs in levels of indirection from 'char [2]'
d:\git\statki\statki\ukladanie_statkow.c(125): warning C4477: 'scanf_s' : format string '%c' requires an argument of type 'unsigned int', but variadic argument 2 has type 'size_t'
  d:\git\statki\statki\ukladanie_statkow.c(125): note: this argument is used as a buffer size
d:\git\statki\statki\ukladanie_statkow.c(141): warning C4474: 'scanf_s' : too many arguments passed for format string
  d:\git\statki\statki\ukladanie_statkow.c(141): note: placeholders and their parameters expect 1 variadic arguments, but 2 were provided
d:\git\statki\statki\ukladanie_statkow.c(195): warning C4474: 'scanf_s' : too many arguments passed for format string
  d:\git\statki\statki\ukladanie_statkow.c(195): note: placeholders and their parameters expect 1 variadic arguments, but 2 were provided
d:\git\statki\statki\ukladanie_statkow.c(259): warning C4047: '=': 'char' differs in levels of indirection from 'void *'
d:\git\statki\statki\ukladanie_statkow.c(268): warning C4047: '=': 'char' differs in levels of indirection from 'void *'
d:\git\statki\statki\ukladanie_statkow.c(300): warning C4047: '=': 'int' differs in levels of indirection from 'void *'
d:\git\statki\statki\ukladanie_statkow.c(351): warning C4047: '=': 'int' differs in levels of indirection from 'void *'
d:\git\statki\statki\ukladanie_statkow.c(249): warning C4047: 'initializing': 'char' differs in levels of indirection from 'char [2]'
d:\git\statki\statki\ukladanie_statkow.c(261): warning C4477: 'scanf_s' : format string '%c' requires an argument of type 'unsigned int', but variadic argument 2 has type 'size_t'
  d:\git\statki\statki\ukladanie_statkow.c(261): note: this argument is used as a buffer size
d:\git\statki\statki\ukladanie_statkow.c(277): warning C4474: 'scanf_s' : too many arguments passed for format string
  d:\git\statki\statki\ukladanie_statkow.c(277): note: placeholders and their parameters expect 1 variadic arguments, but 2 were provided
d:\git\statki\statki\ukladanie_statkow.c(328): warning C4474: 'scanf_s' : too many arguments passed for format string
  d:\git\statki\statki\ukladanie_statkow.c(328): note: placeholders and their parameters expect 1 variadic arguments, but 2 were provided
d:\git\statki\statki\ukladanie_statkow.c(389): warning C4047: '=': 'char' differs in levels of indirection from 'void *'
d:\git\statki\statki\ukladanie_statkow.c(415): warning C4047: '=': 'int' differs in levels of indirection from 'void *'
d:\git\statki\statki\ukladanie_statkow.c(398): warning C4474: 'scanf_s' : too many arguments passed for format string
  d:\git\statki\statki\ukladanie_statkow.c(398): note: placeholders and their parameters expect 1 variadic arguments, but 2 were provided
  Wyswietlanie_planszy.c
  Generating code
  All 21 functions were compiled because no usable IPDB/IOBJ from previous compilation was found.
  Finished generating code
  Statki.vcxproj -> D:\Git\Statki\x64\Release\Statki.exe
